This file contains any messages produced by compilers while
running configure, to aid debugging if configure makes a mistake.

It was created by Specfem 2D configure 7.0.0, which was
generated by GNU Autoconf 2.69.  Invocation command line was

  $ ./configure FC=gfortran MPIFC=mpif90 --with-mpi

## --------- ##
## Platform. ##
## --------- ##

hostname = precision
uname -m = x86_64
uname -r = 4.4.0-78-generic
uname -s = Linux
uname -v = #99~14.04.2-Ubuntu SMP Thu Apr 27 18:49:46 UTC 2017

/usr/bin/uname -p = unknown
/bin/uname -X     = unknown

/bin/arch              = unknown
/usr/bin/arch -k       = unknown
/usr/convex/getsysinfo = unknown
/usr/bin/hostinfo      = unknown
/bin/machine           = unknown
/usr/bin/oslevel       = unknown
/bin/universe          = unknown

PATH: /usr/local/sbin
PATH: /usr/local/bin
PATH: /usr/sbin
PATH: /usr/bin
PATH: /sbin
PATH: /bin
PATH: /usr/games
PATH: /usr/local/games
PATH: /home/luan/src/seisflows/scripts
PATH: /opt/Trelis-16.2/bin
PATH: /home/luan/src/specfem3d/CUBIT_GEOCUBIT
PATH: /home/luan/src/SU44R4/bin


## ----------- ##
## Core tests. ##
## ----------- ##

configure:2477: checking build system type
configure:2491: result: x86_64-unknown-linux-gnu
configure:2511: checking host system type
configure:2524: result: x86_64-unknown-linux-gnu
configure:2826: checking for Fortran compiler version
configure:2835: gfortran --version >&5
GNU Fortran (Ubuntu 4.8.4-2ubuntu1~14.04.3) 4.8.4
Copyright (C) 2013 Free Software Foundation, Inc.

GNU Fortran comes with NO WARRANTY, to the extent permitted by law.
You may redistribute copies of GNU Fortran
under the terms of the GNU General Public License.
For more information about these matters, see the file named COPYING

configure:2846: $? = 0
configure:2835: gfortran -v >&5
Using built-in specs.
COLLECT_GCC=gfortran
COLLECT_LTO_WRAPPER=/usr/lib/gcc/x86_64-linux-gnu/4.8/lto-wrapper
Target: x86_64-linux-gnu
Configured with: ../src/configure -v --with-pkgversion='Ubuntu 4.8.4-2ubuntu1~14.04.3' --with-bugurl=file:///usr/share/doc/gcc-4.8/README.Bugs --enable-languages=c,c++,java,go,d,fortran,objc,obj-c++ --prefix=/usr --program-suffix=-4.8 --enable-shared --enable-linker-build-id --libexecdir=/usr/lib --without-included-gettext --enable-threads=posix --with-gxx-include-dir=/usr/include/c++/4.8 --libdir=/usr/lib --enable-nls --with-sysroot=/ --enable-clocale=gnu --enable-libstdcxx-debug --enable-libstdcxx-time=yes --enable-gnu-unique-object --disable-libmudflap --enable-plugin --with-system-zlib --disable-browser-plugin --enable-java-awt=gtk --enable-gtk-cairo --with-java-home=/usr/lib/jvm/java-1.5.0-gcj-4.8-amd64/jre --enable-java-home --with-jvm-root-dir=/usr/lib/jvm/java-1.5.0-gcj-4.8-amd64 --with-jvm-jar-dir=/usr/lib/jvm-exports/java-1.5.0-gcj-4.8-amd64 --with-arch-directory=amd64 --with-ecj-jar=/usr/share/java/eclipse-ecj.jar --enable-objc-gc --enable-multiarch --disable-werror --with-arch-32=i686 --with-abi=m64 --with-multilib-list=m32,m64,mx32 --with-tune=generic --enable-checking=release --build=x86_64-linux-gnu --host=x86_64-linux-gnu --target=x86_64-linux-gnu
Thread model: posix
gcc version 4.8.4 (Ubuntu 4.8.4-2ubuntu1~14.04.3) 
configure:2846: $? = 0
configure:2835: gfortran -V >&5
gfortran: error: unrecognized command line option '-V'
gfortran: fatal error: no input files
compilation terminated.
configure:2846: $? = 4
configure:2835: gfortran -qversion >&5
gfortran: error: unrecognized command line option '-qversion'
gfortran: fatal error: no input files
compilation terminated.
configure:2846: $? = 4
configure:2861: checking whether the Fortran compiler works
configure:2883: gfortran    conftest.f  >&5
configure:2887: $? = 0
configure:2935: result: yes
configure:2938: checking for Fortran compiler default output file name
configure:2940: result: a.out
configure:2946: checking for suffix of executables
configure:2953: gfortran -o conftest    conftest.f  >&5
configure:2957: $? = 0
configure:2979: result: 
configure:2995: checking whether we are cross compiling
configure:3003: gfortran -o conftest    conftest.f  >&5
configure:3007: $? = 0
configure:3014: ./conftest
configure:3018: $? = 0
configure:3033: result: no
configure:3038: checking for suffix of object files
configure:3054: gfortran -c   conftest.f >&5
configure:3058: $? = 0
configure:3079: result: o
configure:3087: checking whether we are using the GNU Fortran compiler
configure:3100: gfortran -c   conftest.F >&5
configure:3100: $? = 0
configure:3109: result: yes
configure:3115: checking whether gfortran accepts -g
configure:3126: gfortran -c -g  conftest.f >&5
configure:3126: $? = 0
configure:3134: result: yes
configure:3172: running /bin/bash ./flags.guess
configure:3183: checking how to get verbose linking output from gfortran
configure:3193: gfortran -c -g -O2  conftest.f >&5
configure:3193: $? = 0
configure:3211: gfortran -o conftest -g -O2 -v conftest.f
Using built-in specs.
Target: x86_64-linux-gnu
Thread model: posix
gcc version 4.8.4 (Ubuntu 4.8.4-2ubuntu1~14.04.3) 
 /usr/lib/gcc/x86_64-linux-gnu/4.8/f951 conftest.f -ffixed-form -quiet -dumpbase conftest.f -mtune=generic -march=x86-64 -auxbase conftest -g -O2 -version -fintrinsic-modules-path /usr/lib/gcc/x86_64-linux-gnu/4.8/finclude -o /tmp/cctQk7E4.s
GNU Fortran (Ubuntu 4.8.4-2ubuntu1~14.04.3) version 4.8.4 (x86_64-linux-gnu)
	compiled by GNU C version 4.8.4, GMP version 5.1.3, MPFR version 3.1.2-p3, MPC version 1.0.1
GGC heuristics: --param ggc-min-expand=100 --param ggc-min-heapsize=131072
GNU Fortran (Ubuntu 4.8.4-2ubuntu1~14.04.3) version 4.8.4 (x86_64-linux-gnu)
	compiled by GNU C version 4.8.4, GMP version 5.1.3, MPFR version 3.1.2-p3, MPC version 1.0.1
GGC heuristics: --param ggc-min-expand=100 --param ggc-min-heapsize=131072
 as -v --64 -o /tmp/cczT9GkN.o /tmp/cctQk7E4.s
GNU assembler version 2.24 (x86_64-linux-gnu) using BFD version (GNU Binutils for Ubuntu) 2.24
Reading specs from /usr/lib/gcc/x86_64-linux-gnu/4.8/libgfortran.spec
rename spec lib to liborig
 /usr/lib/gcc/x86_64-linux-gnu/4.8/collect2 --sysroot=/ --build-id --eh-frame-hdr -m elf_x86_64 --hash-style=gnu --as-needed -dynamic-linker /lib64/ld-linux-x86-64.so.2 -z relro -o conftest /usr/lib/gcc/x86_64-linux-gnu/4.8/../../../x86_64-linux-gnu/crt1.o /usr/lib/gcc/x86_64-linux-gnu/4.8/../../../x86_64-linux-gnu/crti.o /usr/lib/gcc/x86_64-linux-gnu/4.8/crtbegin.o -L/usr/lib/gcc/x86_64-linux-gnu/4.8 -L/usr/lib/gcc/x86_64-linux-gnu/4.8/../../../x86_64-linux-gnu -L/usr/lib/gcc/x86_64-linux-gnu/4.8/../../../../lib -L/lib/x86_64-linux-gnu -L/lib/../lib -L/usr/lib/x86_64-linux-gnu -L/usr/lib/../lib -L/usr/lib/gcc/x86_64-linux-gnu/4.8/../../.. /tmp/cczT9GkN.o -lgfortran -lm -lgcc_s -lgcc -lquadmath -lm -lgcc_s -lgcc -lc -lgcc_s -lgcc /usr/lib/gcc/x86_64-linux-gnu/4.8/crtend.o /usr/lib/gcc/x86_64-linux-gnu/4.8/../../../x86_64-linux-gnu/crtn.o
configure:3294: result: -v
configure:3296: checking for Fortran libraries of gfortran
configure:3319: gfortran -o conftest -g -O2 -v conftest.f
Using built-in specs.
Target: x86_64-linux-gnu
Thread model: posix
gcc version 4.8.4 (Ubuntu 4.8.4-2ubuntu1~14.04.3) 
 /usr/lib/gcc/x86_64-linux-gnu/4.8/f951 conftest.f -ffixed-form -quiet -dumpbase conftest.f -mtune=generic -march=x86-64 -auxbase conftest -g -O2 -version -fintrinsic-modules-path /usr/lib/gcc/x86_64-linux-gnu/4.8/finclude -o /tmp/ccvVNiW7.s
GNU Fortran (Ubuntu 4.8.4-2ubuntu1~14.04.3) version 4.8.4 (x86_64-linux-gnu)
	compiled by GNU C version 4.8.4, GMP version 5.1.3, MPFR version 3.1.2-p3, MPC version 1.0.1
GGC heuristics: --param ggc-min-expand=100 --param ggc-min-heapsize=131072
GNU Fortran (Ubuntu 4.8.4-2ubuntu1~14.04.3) version 4.8.4 (x86_64-linux-gnu)
	compiled by GNU C version 4.8.4, GMP version 5.1.3, MPFR version 3.1.2-p3, MPC version 1.0.1
GGC heuristics: --param ggc-min-expand=100 --param ggc-min-heapsize=131072
 as -v --64 -o /tmp/ccppqtIQ.o /tmp/ccvVNiW7.s
GNU assembler version 2.24 (x86_64-linux-gnu) using BFD version (GNU Binutils for Ubuntu) 2.24
Reading specs from /usr/lib/gcc/x86_64-linux-gnu/4.8/libgfortran.spec
rename spec lib to liborig
 /usr/lib/gcc/x86_64-linux-gnu/4.8/collect2 --sysroot=/ --build-id --eh-frame-hdr -m elf_x86_64 --hash-style=gnu --as-needed -dynamic-linker /lib64/ld-linux-x86-64.so.2 -z relro -o conftest /usr/lib/gcc/x86_64-linux-gnu/4.8/../../../x86_64-linux-gnu/crt1.o /usr/lib/gcc/x86_64-linux-gnu/4.8/../../../x86_64-linux-gnu/crti.o /usr/lib/gcc/x86_64-linux-gnu/4.8/crtbegin.o -L/usr/lib/gcc/x86_64-linux-gnu/4.8 -L/usr/lib/gcc/x86_64-linux-gnu/4.8/../../../x86_64-linux-gnu -L/usr/lib/gcc/x86_64-linux-gnu/4.8/../../../../lib -L/lib/x86_64-linux-gnu -L/lib/../lib -L/usr/lib/x86_64-linux-gnu -L/usr/lib/../lib -L/usr/lib/gcc/x86_64-linux-gnu/4.8/../../.. /tmp/ccppqtIQ.o -lgfortran -lm -lgcc_s -lgcc -lquadmath -lm -lgcc_s -lgcc -lc -lgcc_s -lgcc /usr/lib/gcc/x86_64-linux-gnu/4.8/crtend.o /usr/lib/gcc/x86_64-linux-gnu/4.8/../../../x86_64-linux-gnu/crtn.o
configure:3515: result:  -L/usr/lib/gcc/x86_64-linux-gnu/4.8 -L/usr/lib/gcc/x86_64-linux-gnu/4.8/../../../x86_64-linux-gnu -L/usr/lib/gcc/x86_64-linux-gnu/4.8/../../../../lib -L/lib/x86_64-linux-gnu -L/lib/../lib -L/usr/lib/x86_64-linux-gnu -L/usr/lib/../lib -L/usr/lib/gcc/x86_64-linux-gnu/4.8/../../.. -lgfortran -lm -lquadmath
configure:3574: checking for gcc
configure:3590: found /usr/bin/gcc
configure:3601: result: gcc
configure:3830: checking for C compiler version
configure:3839: gcc --version >&5
gcc (Ubuntu 4.8.4-2ubuntu1~14.04.3) 4.8.4
Copyright (C) 2013 Free Software Foundation, Inc.
This is free software; see the source for copying conditions.  There is NO
warranty; not even for MERCHANTABILITY or FITNESS FOR A PARTICULAR PURPOSE.

configure:3850: $? = 0
configure:3839: gcc -v >&5
Using built-in specs.
COLLECT_GCC=gcc
COLLECT_LTO_WRAPPER=/usr/lib/gcc/x86_64-linux-gnu/4.8/lto-wrapper
Target: x86_64-linux-gnu
Configured with: ../src/configure -v --with-pkgversion='Ubuntu 4.8.4-2ubuntu1~14.04.3' --with-bugurl=file:///usr/share/doc/gcc-4.8/README.Bugs --enable-languages=c,c++,java,go,d,fortran,objc,obj-c++ --prefix=/usr --program-suffix=-4.8 --enable-shared --enable-linker-build-id --libexecdir=/usr/lib --without-included-gettext --enable-threads=posix --with-gxx-include-dir=/usr/include/c++/4.8 --libdir=/usr/lib --enable-nls --with-sysroot=/ --enable-clocale=gnu --enable-libstdcxx-debug --enable-libstdcxx-time=yes --enable-gnu-unique-object --disable-libmudflap --enable-plugin --with-system-zlib --disable-browser-plugin --enable-java-awt=gtk --enable-gtk-cairo --with-java-home=/usr/lib/jvm/java-1.5.0-gcj-4.8-amd64/jre --enable-java-home --with-jvm-root-dir=/usr/lib/jvm/java-1.5.0-gcj-4.8-amd64 --with-jvm-jar-dir=/usr/lib/jvm-exports/java-1.5.0-gcj-4.8-amd64 --with-arch-directory=amd64 --with-ecj-jar=/usr/share/java/eclipse-ecj.jar --enable-objc-gc --enable-multiarch --disable-werror --with-arch-32=i686 --with-abi=m64 --with-multilib-list=m32,m64,mx32 --with-tune=generic --enable-checking=release --build=x86_64-linux-gnu --host=x86_64-linux-gnu --target=x86_64-linux-gnu
Thread model: posix
gcc version 4.8.4 (Ubuntu 4.8.4-2ubuntu1~14.04.3) 
configure:3850: $? = 0
configure:3839: gcc -V >&5
gcc: error: unrecognized command line option '-V'
gcc: fatal error: no input files
compilation terminated.
configure:3850: $? = 4
configure:3839: gcc -qversion >&5
gcc: error: unrecognized command line option '-qversion'
gcc: fatal error: no input files
compilation terminated.
configure:3850: $? = 4
configure:3854: checking whether we are using the GNU C compiler
configure:3881: gcc -c   conftest.c >&5
configure:3881: $? = 0
configure:3890: result: yes
configure:3899: checking whether gcc accepts -g
configure:3927: gcc -c -g  conftest.c >&5
configure:3927: $? = 0
configure:3984: result: yes
configure:4001: checking for gcc option to accept ISO C89
configure:4072: gcc  -c -g -O2  conftest.c >&5
configure:4072: $? = 0
configure:4085: result: none needed
configure:4111: checking for dummy main to link with Fortran libraries
configure:4145: gcc -o conftest -g -O2   conftest.c   -L/usr/lib/gcc/x86_64-linux-gnu/4.8 -L/usr/lib/gcc/x86_64-linux-gnu/4.8/../../../x86_64-linux-gnu -L/usr/lib/gcc/x86_64-linux-gnu/4.8/../../../../lib -L/lib/x86_64-linux-gnu -L/lib/../lib -L/usr/lib/x86_64-linux-gnu -L/usr/lib/../lib -L/usr/lib/gcc/x86_64-linux-gnu/4.8/../../.. -lgfortran -lm -lquadmath >&5
configure:4145: $? = 0
configure:4190: result: none
configure:4223: checking for Fortran name-mangling scheme
configure:4236: gfortran -c -g -O2  conftest.f >&5
configure:4236: $? = 0
configure:4277: gcc -o conftest -g -O2   conftest.c cfortran_test.o   -L/usr/lib/gcc/x86_64-linux-gnu/4.8 -L/usr/lib/gcc/x86_64-linux-gnu/4.8/../../../x86_64-linux-gnu -L/usr/lib/gcc/x86_64-linux-gnu/4.8/../../../../lib -L/lib/x86_64-linux-gnu -L/lib/../lib -L/usr/lib/x86_64-linux-gnu -L/usr/lib/../lib -L/usr/lib/gcc/x86_64-linux-gnu/4.8/../../.. -lgfortran -lm -lquadmath >&5
/tmp/cckNuSx3.o: In function `main':
/home/luan/src/specfem2d/conftest.c:28: undefined reference to `foobar'
collect2: error: ld returned 1 exit status
configure:4277: $? = 1
configure: failed program was:
| /* confdefs.h */
| #define PACKAGE_NAME "Specfem 2D"
| #define PACKAGE_TARNAME "Specfem2D"
| #define PACKAGE_VERSION "7.0.0"
| #define PACKAGE_STRING "Specfem 2D 7.0.0"
| #define PACKAGE_BUGREPORT "see the wiki"
| #define PACKAGE_URL ""
| /* end confdefs.h.  */
| 
| /* Override any GCC internal prototype to avoid an error.
|    Use char because int might match the return type of a GCC
|    builtin and then its argument prototype would still apply.  */
| #ifdef __cplusplus
| extern "C"
| #endif
| char foobar ();
| #ifdef FC_DUMMY_MAIN
| #ifndef FC_DUMMY_MAIN_EQ_F77
| #  ifdef __cplusplus
|      extern "C"
| #  endif
|    int FC_DUMMY_MAIN() { return 1; }
| #endif
| #endif
| int
| main ()
| {
| return foobar ();
|   ;
|   return 0;
| }
configure:4277: gcc -o conftest -g -O2   conftest.c cfortran_test.o   -L/usr/lib/gcc/x86_64-linux-gnu/4.8 -L/usr/lib/gcc/x86_64-linux-gnu/4.8/../../../x86_64-linux-gnu -L/usr/lib/gcc/x86_64-linux-gnu/4.8/../../../../lib -L/lib/x86_64-linux-gnu -L/lib/../lib -L/usr/lib/x86_64-linux-gnu -L/usr/lib/../lib -L/usr/lib/gcc/x86_64-linux-gnu/4.8/../../.. -lgfortran -lm -lquadmath >&5
configure:4277: $? = 0
configure:4335: gcc -o conftest -g -O2   conftest.c cfortran_test.o   -L/usr/lib/gcc/x86_64-linux-gnu/4.8 -L/usr/lib/gcc/x86_64-linux-gnu/4.8/../../../x86_64-linux-gnu -L/usr/lib/gcc/x86_64-linux-gnu/4.8/../../../../lib -L/lib/x86_64-linux-gnu -L/lib/../lib -L/usr/lib/x86_64-linux-gnu -L/usr/lib/../lib -L/usr/lib/gcc/x86_64-linux-gnu/4.8/../../.. -lgfortran -lm -lquadmath >&5
configure:4335: $? = 0
configure:4377: result: lower case, underscore, no extra underscore
configure:4452: checking for Fortran flag to compile .f90 files
configure:4472: gfortran -c -g -O2  conftest.f90 >&5
configure:4472: $? = 0
configure:4481: result: none
configure:4506: checking for Fortran flag needed to accept free-form source
configure:4525: gfortran -c -g -O2  conftest.f90 >&5
configure:4525: $? = 0
configure:4534: result: none
configure:4559: checking for Fortran flag to compile preprocessed .F files
configure:4584: gfortran -c -g -O2  conftest.F >&5
configure:4584: $? = 0
configure:4594: gfortran -c -g -O2  conftest.F >&5
conftest.F:4:0: fatal error: ac_nonexistent.h: No such file or directory
 #include <ac_nonexistent.h>
 ^
compilation terminated.
configure:4594: $? = 1
configure: failed program was:
|       program main
| 
| #if 1
| #include <ac_nonexistent.h>
|       choke me
| #endif
|       end
configure:4607: result: none
configure:4628: checking how to define symbols for preprocessed Fortran
configure:4650: gfortran -c -g -O2 -DFOOBAR -DZORK=42  conftest.F >&5
configure:4650: $? = 0
configure:4659: result: -D
configure:4679: checking for Fortran flag to compile preprocessed .F90 files
configure:4704: gfortran -c -g -O2  conftest.F90 >&5
configure:4704: $? = 0
configure:4714: gfortran -c -g -O2  conftest.F90 >&5
conftest.F90:4:0: fatal error: ac_nonexistent.h: No such file or directory
 #include <ac_nonexistent.h>
 ^
compilation terminated.
configure:4714: $? = 1
configure: failed program was:
|       program main
| 
| #if 1
| #include <ac_nonexistent.h>
|       choke me
| #endif
|       end
configure:4727: result: none
configure:4796: checking for gcc
configure:4823: result: gcc
configure:5052: checking for C compiler version
configure:5061: gcc --version >&5
gcc (Ubuntu 4.8.4-2ubuntu1~14.04.3) 4.8.4
Copyright (C) 2013 Free Software Foundation, Inc.
This is free software; see the source for copying conditions.  There is NO
warranty; not even for MERCHANTABILITY or FITNESS FOR A PARTICULAR PURPOSE.

configure:5072: $? = 0
configure:5061: gcc -v >&5
Using built-in specs.
COLLECT_GCC=gcc
COLLECT_LTO_WRAPPER=/usr/lib/gcc/x86_64-linux-gnu/4.8/lto-wrapper
Target: x86_64-linux-gnu
Configured with: ../src/configure -v --with-pkgversion='Ubuntu 4.8.4-2ubuntu1~14.04.3' --with-bugurl=file:///usr/share/doc/gcc-4.8/README.Bugs --enable-languages=c,c++,java,go,d,fortran,objc,obj-c++ --prefix=/usr --program-suffix=-4.8 --enable-shared --enable-linker-build-id --libexecdir=/usr/lib --without-included-gettext --enable-threads=posix --with-gxx-include-dir=/usr/include/c++/4.8 --libdir=/usr/lib --enable-nls --with-sysroot=/ --enable-clocale=gnu --enable-libstdcxx-debug --enable-libstdcxx-time=yes --enable-gnu-unique-object --disable-libmudflap --enable-plugin --with-system-zlib --disable-browser-plugin --enable-java-awt=gtk --enable-gtk-cairo --with-java-home=/usr/lib/jvm/java-1.5.0-gcj-4.8-amd64/jre --enable-java-home --with-jvm-root-dir=/usr/lib/jvm/java-1.5.0-gcj-4.8-amd64 --with-jvm-jar-dir=/usr/lib/jvm-exports/java-1.5.0-gcj-4.8-amd64 --with-arch-directory=amd64 --with-ecj-jar=/usr/share/java/eclipse-ecj.jar --enable-objc-gc --enable-multiarch --disable-werror --with-arch-32=i686 --with-abi=m64 --with-multilib-list=m32,m64,mx32 --with-tune=generic --enable-checking=release --build=x86_64-linux-gnu --host=x86_64-linux-gnu --target=x86_64-linux-gnu
Thread model: posix
gcc version 4.8.4 (Ubuntu 4.8.4-2ubuntu1~14.04.3) 
configure:5072: $? = 0
configure:5061: gcc -V >&5
gcc: error: unrecognized command line option '-V'
gcc: fatal error: no input files
compilation terminated.
configure:5072: $? = 4
configure:5061: gcc -qversion >&5
gcc: error: unrecognized command line option '-qversion'
gcc: fatal error: no input files
compilation terminated.
configure:5072: $? = 4
configure:5076: checking whether we are using the GNU C compiler
configure:5112: result: yes
configure:5121: checking whether gcc accepts -g
configure:5206: result: yes
configure:5223: checking for gcc option to accept ISO C89
configure:5307: result: none needed
configure:5338: checking how to run the C preprocessor
configure:5369: gcc -E  conftest.c
configure:5369: $? = 0
configure:5383: gcc -E  conftest.c
conftest.c:11:28: fatal error: ac_nonexistent.h: No such file or directory
 #include <ac_nonexistent.h>
                            ^
compilation terminated.
configure:5383: $? = 1
configure: failed program was:
| /* confdefs.h */
| #define PACKAGE_NAME "Specfem 2D"
| #define PACKAGE_TARNAME "Specfem2D"
| #define PACKAGE_VERSION "7.0.0"
| #define PACKAGE_STRING "Specfem 2D 7.0.0"
| #define PACKAGE_BUGREPORT "see the wiki"
| #define PACKAGE_URL ""
| #define FC_FUNC(name,NAME) name ## _
| #define FC_FUNC_(name,NAME) name ## _
| /* end confdefs.h.  */
| #include <ac_nonexistent.h>
configure:5408: result: gcc -E
configure:5428: gcc -E  conftest.c
configure:5428: $? = 0
configure:5442: gcc -E  conftest.c
conftest.c:11:28: fatal error: ac_nonexistent.h: No such file or directory
 #include <ac_nonexistent.h>
                            ^
compilation terminated.
configure:5442: $? = 1
configure: failed program was:
| /* confdefs.h */
| #define PACKAGE_NAME "Specfem 2D"
| #define PACKAGE_TARNAME "Specfem2D"
| #define PACKAGE_VERSION "7.0.0"
| #define PACKAGE_STRING "Specfem 2D 7.0.0"
| #define PACKAGE_BUGREPORT "see the wiki"
| #define PACKAGE_URL ""
| #define FC_FUNC(name,NAME) name ## _
| #define FC_FUNC_(name,NAME) name ## _
| /* end confdefs.h.  */
| #include <ac_nonexistent.h>
configure:5471: checking for grep that handles long lines and -e
configure:5529: result: /bin/grep
configure:5534: checking for egrep
configure:5596: result: /bin/grep -E
configure:5601: checking for ANSI C header files
configure:5629: gcc -c -g -O2  conftest.c >&5
configure:5629: $? = 0
configure:5702: gcc -o conftest -g -O2   conftest.c  >&5
configure:5702: $? = 0
configure:5702: ./conftest
configure:5702: $? = 0
configure:5713: result: yes
configure:5726: checking for sys/types.h
configure:5726: gcc -c -g -O2  conftest.c >&5
configure:5726: $? = 0
configure:5726: result: yes
configure:5726: checking for sys/stat.h
configure:5726: gcc -c -g -O2  conftest.c >&5
configure:5726: $? = 0
configure:5726: result: yes
configure:5726: checking for stdlib.h
configure:5726: gcc -c -g -O2  conftest.c >&5
configure:5726: $? = 0
configure:5726: result: yes
configure:5726: checking for string.h
configure:5726: gcc -c -g -O2  conftest.c >&5
configure:5726: $? = 0
configure:5726: result: yes
configure:5726: checking for memory.h
configure:5726: gcc -c -g -O2  conftest.c >&5
configure:5726: $? = 0
configure:5726: result: yes
configure:5726: checking for strings.h
configure:5726: gcc -c -g -O2  conftest.c >&5
configure:5726: $? = 0
configure:5726: result: yes
configure:5726: checking for inttypes.h
configure:5726: gcc -c -g -O2  conftest.c >&5
configure:5726: $? = 0
configure:5726: result: yes
configure:5726: checking for stdint.h
configure:5726: gcc -c -g -O2  conftest.c >&5
configure:5726: $? = 0
configure:5726: result: yes
configure:5726: checking for unistd.h
configure:5726: gcc -c -g -O2  conftest.c >&5
configure:5726: $? = 0
configure:5726: result: yes
configure:5738: checking emmintrin.h usability
configure:5738: gcc -c -g -O2  conftest.c >&5
configure:5738: $? = 0
configure:5738: result: yes
configure:5738: checking emmintrin.h presence
configure:5738: gcc -E  conftest.c
configure:5738: $? = 0
configure:5738: result: yes
configure:5738: checking for emmintrin.h
configure:5738: result: yes
configure:5746: checking xmmintrin.h usability
configure:5746: gcc -c -g -O2  conftest.c >&5
configure:5746: $? = 0
configure:5746: result: yes
configure:5746: checking xmmintrin.h presence
configure:5746: gcc -E  conftest.c
configure:5746: $? = 0
configure:5746: result: yes
configure:5746: checking for xmmintrin.h
configure:5746: result: yes
configure:5755: checking err.h usability
configure:5755: gcc -c -g -O2  conftest.c >&5
configure:5755: $? = 0
configure:5755: result: yes
configure:5755: checking err.h presence
configure:5755: gcc -E  conftest.c
configure:5755: $? = 0
configure:5755: result: yes
configure:5755: checking for err.h
configure:5755: result: yes
configure:5832: checking for scotchfarchinit  in -lscotch
configure:5844: gfortran -o conftest -g -O2  -L/usr/lib  conftest.F90 -lscotch -lscotcherr  >&5
/usr/bin/ld: cannot find -lscotch
/usr/bin/ld: cannot find -lscotcherr
collect2: error: ld returned 1 exit status
configure:5844: $? = 1
configure: failed program was:
|       program main
|       call scotchfarchinit
|       end
configure:5853: result: no
configure:5874: checking whether Scotch is usable
configure:5891: result: no, using bundled scotch instead
configure:5897: checking for flex
configure:5927: result: no
configure:5897: checking for lex
configure:5927: result: no
configure:6057: checking for bison
configure:6087: result: no
configure:6057: checking for byacc
configure:6087: result: no
configure:6272: checking for the pthreads library -lpthreads
configure:6313: gcc -o conftest -g -O2    conftest.c -lpthreads  >&5
conftest.c: In function 'main':
conftest.c:38:22: warning: null argument where non-null required (argument 1) [-Wnonnull]
                      pthread_attr_init(0); pthread_cleanup_push(0, 0);
                      ^
conftest.c:39:22: warning: null argument where non-null required (argument 1) [-Wnonnull]
                      pthread_create(0,0,0,0); pthread_cleanup_pop(0);
                      ^
conftest.c:39:22: warning: null argument where non-null required (argument 3) [-Wnonnull]
/usr/bin/ld: cannot find -lpthreads
collect2: error: ld returned 1 exit status
configure:6313: $? = 1
configure: failed program was:
| /* confdefs.h */
| #define PACKAGE_NAME "Specfem 2D"
| #define PACKAGE_TARNAME "Specfem2D"
| #define PACKAGE_VERSION "7.0.0"
| #define PACKAGE_STRING "Specfem 2D 7.0.0"
| #define PACKAGE_BUGREPORT "see the wiki"
| #define PACKAGE_URL ""
| #define FC_FUNC(name,NAME) name ## _
| #define FC_FUNC_(name,NAME) name ## _
| #define STDC_HEADERS 1
| #define HAVE_SYS_TYPES_H 1
| #define HAVE_SYS_STAT_H 1
| #define HAVE_STDLIB_H 1
| #define HAVE_STRING_H 1
| #define HAVE_MEMORY_H 1
| #define HAVE_STRINGS_H 1
| #define HAVE_INTTYPES_H 1
| #define HAVE_STDINT_H 1
| #define HAVE_UNISTD_H 1
| #define HAVE_EMMINTRIN 1
| #define HAVE_XMMINTRIN 1
| #define HAVE_ERR 1
| #define HAVE_SCOTCH 1
| /* end confdefs.h.  */
| #include <pthread.h>
| #ifdef FC_DUMMY_MAIN
| #ifndef FC_DUMMY_MAIN_EQ_F77
| #  ifdef __cplusplus
|      extern "C"
| #  endif
|    int FC_DUMMY_MAIN() { return 1; }
| #endif
| #endif
| int
| main ()
| {
| pthread_t th; pthread_join(th, 0);
|                      pthread_attr_init(0); pthread_cleanup_push(0, 0);
|                      pthread_create(0,0,0,0); pthread_cleanup_pop(0);
|   ;
|   return 0;
| }
configure:6322: result: no
configure:6217: checking whether pthreads work without any flags
configure:6313: gcc -o conftest -g -O2    conftest.c   >&5
conftest.c: In function 'main':
conftest.c:38:22: warning: null argument where non-null required (argument 1) [-Wnonnull]
                      pthread_attr_init(0); pthread_cleanup_push(0, 0);
                      ^
conftest.c:39:22: warning: null argument where non-null required (argument 1) [-Wnonnull]
                      pthread_create(0,0,0,0); pthread_cleanup_pop(0);
                      ^
conftest.c:39:22: warning: null argument where non-null required (argument 3) [-Wnonnull]
/tmp/ccbUzqk5.o: In function `main':
/home/luan/src/specfem2d/conftest.c:37: undefined reference to `pthread_join'
/home/luan/src/specfem2d/conftest.c:38: undefined reference to `__pthread_register_cancel'
/home/luan/src/specfem2d/conftest.c:39: undefined reference to `pthread_create'
/home/luan/src/specfem2d/conftest.c:39: undefined reference to `__pthread_unregister_cancel'
collect2: error: ld returned 1 exit status
configure:6313: $? = 1
configure: failed program was:
| /* confdefs.h */
| #define PACKAGE_NAME "Specfem 2D"
| #define PACKAGE_TARNAME "Specfem2D"
| #define PACKAGE_VERSION "7.0.0"
| #define PACKAGE_STRING "Specfem 2D 7.0.0"
| #define PACKAGE_BUGREPORT "see the wiki"
| #define PACKAGE_URL ""
| #define FC_FUNC(name,NAME) name ## _
| #define FC_FUNC_(name,NAME) name ## _
| #define STDC_HEADERS 1
| #define HAVE_SYS_TYPES_H 1
| #define HAVE_SYS_STAT_H 1
| #define HAVE_STDLIB_H 1
| #define HAVE_STRING_H 1
| #define HAVE_MEMORY_H 1
| #define HAVE_STRINGS_H 1
| #define HAVE_INTTYPES_H 1
| #define HAVE_STDINT_H 1
| #define HAVE_UNISTD_H 1
| #define HAVE_EMMINTRIN 1
| #define HAVE_XMMINTRIN 1
| #define HAVE_ERR 1
| #define HAVE_SCOTCH 1
| /* end confdefs.h.  */
| #include <pthread.h>
| #ifdef FC_DUMMY_MAIN
| #ifndef FC_DUMMY_MAIN_EQ_F77
| #  ifdef __cplusplus
|      extern "C"
| #  endif
|    int FC_DUMMY_MAIN() { return 1; }
| #endif
| #endif
| int
| main ()
| {
| pthread_t th; pthread_join(th, 0);
|                      pthread_attr_init(0); pthread_cleanup_push(0, 0);
|                      pthread_create(0,0,0,0); pthread_cleanup_pop(0);
|   ;
|   return 0;
| }
configure:6322: result: no
configure:6222: checking whether pthreads work with -Kthread
configure:6313: gcc -o conftest -g -O2 -Kthread   conftest.c   >&5
gcc: error: unrecognized command line option '-Kthread'
configure:6313: $? = 1
configure: failed program was:
| /* confdefs.h */
| #define PACKAGE_NAME "Specfem 2D"
| #define PACKAGE_TARNAME "Specfem2D"
| #define PACKAGE_VERSION "7.0.0"
| #define PACKAGE_STRING "Specfem 2D 7.0.0"
| #define PACKAGE_BUGREPORT "see the wiki"
| #define PACKAGE_URL ""
| #define FC_FUNC(name,NAME) name ## _
| #define FC_FUNC_(name,NAME) name ## _
| #define STDC_HEADERS 1
| #define HAVE_SYS_TYPES_H 1
| #define HAVE_SYS_STAT_H 1
| #define HAVE_STDLIB_H 1
| #define HAVE_STRING_H 1
| #define HAVE_MEMORY_H 1
| #define HAVE_STRINGS_H 1
| #define HAVE_INTTYPES_H 1
| #define HAVE_STDINT_H 1
| #define HAVE_UNISTD_H 1
| #define HAVE_EMMINTRIN 1
| #define HAVE_XMMINTRIN 1
| #define HAVE_ERR 1
| #define HAVE_SCOTCH 1
| /* end confdefs.h.  */
| #include <pthread.h>
| #ifdef FC_DUMMY_MAIN
| #ifndef FC_DUMMY_MAIN_EQ_F77
| #  ifdef __cplusplus
|      extern "C"
| #  endif
|    int FC_DUMMY_MAIN() { return 1; }
| #endif
| #endif
| int
| main ()
| {
| pthread_t th; pthread_join(th, 0);
|                      pthread_attr_init(0); pthread_cleanup_push(0, 0);
|                      pthread_create(0,0,0,0); pthread_cleanup_pop(0);
|   ;
|   return 0;
| }
configure:6322: result: no
configure:6222: checking whether pthreads work with -kthread
configure:6313: gcc -o conftest -g -O2 -kthread   conftest.c   >&5
gcc: error: unrecognized command line option '-kthread'
configure:6313: $? = 1
configure: failed program was:
| /* confdefs.h */
| #define PACKAGE_NAME "Specfem 2D"
| #define PACKAGE_TARNAME "Specfem2D"
| #define PACKAGE_VERSION "7.0.0"
| #define PACKAGE_STRING "Specfem 2D 7.0.0"
| #define PACKAGE_BUGREPORT "see the wiki"
| #define PACKAGE_URL ""
| #define FC_FUNC(name,NAME) name ## _
| #define FC_FUNC_(name,NAME) name ## _
| #define STDC_HEADERS 1
| #define HAVE_SYS_TYPES_H 1
| #define HAVE_SYS_STAT_H 1
| #define HAVE_STDLIB_H 1
| #define HAVE_STRING_H 1
| #define HAVE_MEMORY_H 1
| #define HAVE_STRINGS_H 1
| #define HAVE_INTTYPES_H 1
| #define HAVE_STDINT_H 1
| #define HAVE_UNISTD_H 1
| #define HAVE_EMMINTRIN 1
| #define HAVE_XMMINTRIN 1
| #define HAVE_ERR 1
| #define HAVE_SCOTCH 1
| /* end confdefs.h.  */
| #include <pthread.h>
| #ifdef FC_DUMMY_MAIN
| #ifndef FC_DUMMY_MAIN_EQ_F77
| #  ifdef __cplusplus
|      extern "C"
| #  endif
|    int FC_DUMMY_MAIN() { return 1; }
| #endif
| #endif
| int
| main ()
| {
| pthread_t th; pthread_join(th, 0);
|                      pthread_attr_init(0); pthread_cleanup_push(0, 0);
|                      pthread_create(0,0,0,0); pthread_cleanup_pop(0);
|   ;
|   return 0;
| }
configure:6322: result: no
configure:6272: checking for the pthreads library -llthread
configure:6313: gcc -o conftest -g -O2    conftest.c -llthread  >&5
conftest.c: In function 'main':
conftest.c:38:22: warning: null argument where non-null required (argument 1) [-Wnonnull]
                      pthread_attr_init(0); pthread_cleanup_push(0, 0);
                      ^
conftest.c:39:22: warning: null argument where non-null required (argument 1) [-Wnonnull]
                      pthread_create(0,0,0,0); pthread_cleanup_pop(0);
                      ^
conftest.c:39:22: warning: null argument where non-null required (argument 3) [-Wnonnull]
/usr/bin/ld: cannot find -llthread
collect2: error: ld returned 1 exit status
configure:6313: $? = 1
configure: failed program was:
| /* confdefs.h */
| #define PACKAGE_NAME "Specfem 2D"
| #define PACKAGE_TARNAME "Specfem2D"
| #define PACKAGE_VERSION "7.0.0"
| #define PACKAGE_STRING "Specfem 2D 7.0.0"
| #define PACKAGE_BUGREPORT "see the wiki"
| #define PACKAGE_URL ""
| #define FC_FUNC(name,NAME) name ## _
| #define FC_FUNC_(name,NAME) name ## _
| #define STDC_HEADERS 1
| #define HAVE_SYS_TYPES_H 1
| #define HAVE_SYS_STAT_H 1
| #define HAVE_STDLIB_H 1
| #define HAVE_STRING_H 1
| #define HAVE_MEMORY_H 1
| #define HAVE_STRINGS_H 1
| #define HAVE_INTTYPES_H 1
| #define HAVE_STDINT_H 1
| #define HAVE_UNISTD_H 1
| #define HAVE_EMMINTRIN 1
| #define HAVE_XMMINTRIN 1
| #define HAVE_ERR 1
| #define HAVE_SCOTCH 1
| /* end confdefs.h.  */
| #include <pthread.h>
| #ifdef FC_DUMMY_MAIN
| #ifndef FC_DUMMY_MAIN_EQ_F77
| #  ifdef __cplusplus
|      extern "C"
| #  endif
|    int FC_DUMMY_MAIN() { return 1; }
| #endif
| #endif
| int
| main ()
| {
| pthread_t th; pthread_join(th, 0);
|                      pthread_attr_init(0); pthread_cleanup_push(0, 0);
|                      pthread_create(0,0,0,0); pthread_cleanup_pop(0);
|   ;
|   return 0;
| }
configure:6322: result: no
configure:6222: checking whether pthreads work with -pthread
configure:6313: gcc -o conftest -g -O2 -pthread   conftest.c   >&5
conftest.c: In function 'main':
conftest.c:38:22: warning: null argument where non-null required (argument 1) [-Wnonnull]
                      pthread_attr_init(0); pthread_cleanup_push(0, 0);
                      ^
conftest.c:39:22: warning: null argument where non-null required (argument 1) [-Wnonnull]
                      pthread_create(0,0,0,0); pthread_cleanup_pop(0);
                      ^
conftest.c:39:22: warning: null argument where non-null required (argument 3) [-Wnonnull]
configure:6313: $? = 0
configure:6322: result: yes
configure:6341: checking for joinable pthread attribute
configure:6364: gcc -o conftest -g -O2 -pthread   conftest.c   >&5
configure:6364: $? = 0
configure:6370: result: PTHREAD_CREATE_JOINABLE
configure:6380: checking if more special flags are required for pthreads
configure:6387: result: no
configure:6454: result: pthread found
configure:6497: result: SCOTCH is enabled
configure:6552: checking Fortran 90 module extension
configure:6574: gfortran -c -g -O2  conftest.F90 >&5
configure:6574: $? = 0
configure:6590: result: mod
configure:6599: checking Fortran 90 module inclusion flag
configure:6621: gfortran -c -g -O2  conftest.F90 >&5
configure:6621: $? = 0
configure:6635: gfortran -c -g -O2 -Mconftest.dir -Mconftest.dir  conftest.F90 >&5
gfortran: error: unrecognized command line option '-Mconftest.dir'
gfortran: error: unrecognized command line option '-Mconftest.dir'
configure:6635: $? = 1
configure: failed program was:
| 
|       program main
|       use conftest_module
|       call conftest_routine
|       end program
configure:6635: gfortran -c -g -O2 -Iconftest.dir -Iconftest.dir  conftest.F90 >&5
configure:6635: $? = 0
configure:6655: result: -I
configure:6670: checking Fortran 90 module output flag
configure:6698: gfortran -c -g -O2 -Jsub  conftest.F90 >&5
configure:6698: $? = 0
configure:6707: gfortran -c -g -O2 -Jsub  conftest.F90 >&5
Warning: Nonexistent include directory "sub"
configure:6707: $? = 0
configure:6728: result: -J
configure:6814: checking for g++
configure:6830: found /usr/bin/g++
configure:6841: result: g++
configure:6868: checking for C++ compiler version
configure:6877: g++ --version >&5
g++ (Ubuntu 4.8.4-2ubuntu1~14.04.3) 4.8.4
Copyright (C) 2013 Free Software Foundation, Inc.
This is free software; see the source for copying conditions.  There is NO
warranty; not even for MERCHANTABILITY or FITNESS FOR A PARTICULAR PURPOSE.

configure:6888: $? = 0
configure:6877: g++ -v >&5
Using built-in specs.
COLLECT_GCC=g++
COLLECT_LTO_WRAPPER=/usr/lib/gcc/x86_64-linux-gnu/4.8/lto-wrapper
Target: x86_64-linux-gnu
Configured with: ../src/configure -v --with-pkgversion='Ubuntu 4.8.4-2ubuntu1~14.04.3' --with-bugurl=file:///usr/share/doc/gcc-4.8/README.Bugs --enable-languages=c,c++,java,go,d,fortran,objc,obj-c++ --prefix=/usr --program-suffix=-4.8 --enable-shared --enable-linker-build-id --libexecdir=/usr/lib --without-included-gettext --enable-threads=posix --with-gxx-include-dir=/usr/include/c++/4.8 --libdir=/usr/lib --enable-nls --with-sysroot=/ --enable-clocale=gnu --enable-libstdcxx-debug --enable-libstdcxx-time=yes --enable-gnu-unique-object --disable-libmudflap --enable-plugin --with-system-zlib --disable-browser-plugin --enable-java-awt=gtk --enable-gtk-cairo --with-java-home=/usr/lib/jvm/java-1.5.0-gcj-4.8-amd64/jre --enable-java-home --with-jvm-root-dir=/usr/lib/jvm/java-1.5.0-gcj-4.8-amd64 --with-jvm-jar-dir=/usr/lib/jvm-exports/java-1.5.0-gcj-4.8-amd64 --with-arch-directory=amd64 --with-ecj-jar=/usr/share/java/eclipse-ecj.jar --enable-objc-gc --enable-multiarch --disable-werror --with-arch-32=i686 --with-abi=m64 --with-multilib-list=m32,m64,mx32 --with-tune=generic --enable-checking=release --build=x86_64-linux-gnu --host=x86_64-linux-gnu --target=x86_64-linux-gnu
Thread model: posix
gcc version 4.8.4 (Ubuntu 4.8.4-2ubuntu1~14.04.3) 
configure:6888: $? = 0
configure:6877: g++ -V >&5
g++: error: unrecognized command line option '-V'
g++: fatal error: no input files
compilation terminated.
configure:6888: $? = 4
configure:6877: g++ -qversion >&5
g++: error: unrecognized command line option '-qversion'
g++: fatal error: no input files
compilation terminated.
configure:6888: $? = 4
configure:6892: checking whether we are using the GNU C++ compiler
configure:6919: g++ -c   conftest.cpp >&5
configure:6919: $? = 0
configure:6928: result: yes
configure:6937: checking whether g++ accepts -g
configure:6965: g++ -c -g  conftest.cpp >&5
configure:6965: $? = 0
configure:7022: result: yes
configure:7051: checking how to run the C++ preprocessor
configure:7078: g++ -E  conftest.cpp
configure:7078: $? = 0
configure:7092: g++ -E  conftest.cpp
conftest.cpp:25:28: fatal error: ac_nonexistent.h: No such file or directory
 #include <ac_nonexistent.h>
                            ^
compilation terminated.
configure:7092: $? = 1
configure: failed program was:
| /* confdefs.h */
| #define PACKAGE_NAME "Specfem 2D"
| #define PACKAGE_TARNAME "Specfem2D"
| #define PACKAGE_VERSION "7.0.0"
| #define PACKAGE_STRING "Specfem 2D 7.0.0"
| #define PACKAGE_BUGREPORT "see the wiki"
| #define PACKAGE_URL ""
| #define FC_FUNC(name,NAME) name ## _
| #define FC_FUNC_(name,NAME) name ## _
| #define STDC_HEADERS 1
| #define HAVE_SYS_TYPES_H 1
| #define HAVE_SYS_STAT_H 1
| #define HAVE_STDLIB_H 1
| #define HAVE_STRING_H 1
| #define HAVE_MEMORY_H 1
| #define HAVE_STRINGS_H 1
| #define HAVE_INTTYPES_H 1
| #define HAVE_STDINT_H 1
| #define HAVE_UNISTD_H 1
| #define HAVE_EMMINTRIN 1
| #define HAVE_XMMINTRIN 1
| #define HAVE_ERR 1
| #define HAVE_SCOTCH 1
| /* end confdefs.h.  */
| #include <ac_nonexistent.h>
configure:7117: result: g++ -E
configure:7137: g++ -E  conftest.cpp
configure:7137: $? = 0
configure:7151: g++ -E  conftest.cpp
conftest.cpp:25:28: fatal error: ac_nonexistent.h: No such file or directory
 #include <ac_nonexistent.h>
                            ^
compilation terminated.
configure:7151: $? = 1
configure: failed program was:
| /* confdefs.h */
| #define PACKAGE_NAME "Specfem 2D"
| #define PACKAGE_TARNAME "Specfem2D"
| #define PACKAGE_VERSION "7.0.0"
| #define PACKAGE_STRING "Specfem 2D 7.0.0"
| #define PACKAGE_BUGREPORT "see the wiki"
| #define PACKAGE_URL ""
| #define FC_FUNC(name,NAME) name ## _
| #define FC_FUNC_(name,NAME) name ## _
| #define STDC_HEADERS 1
| #define HAVE_SYS_TYPES_H 1
| #define HAVE_SYS_STAT_H 1
| #define HAVE_STDLIB_H 1
| #define HAVE_STRING_H 1
| #define HAVE_MEMORY_H 1
| #define HAVE_STRINGS_H 1
| #define HAVE_INTTYPES_H 1
| #define HAVE_STDINT_H 1
| #define HAVE_UNISTD_H 1
| #define HAVE_EMMINTRIN 1
| #define HAVE_XMMINTRIN 1
| #define HAVE_ERR 1
| #define HAVE_SCOTCH 1
| /* end confdefs.h.  */
| #include <ac_nonexistent.h>
configure:7206: checking mpi.h usability
configure:7206: g++ -c -g -O2  -I/usr/lib/openmpi/include  conftest.cpp >&5
configure:7206: $? = 0
configure:7206: result: yes
configure:7206: checking mpi.h presence
configure:7206: g++ -E  -I/usr/lib/openmpi/include  conftest.cpp
configure:7206: $? = 0
configure:7206: result: yes
configure:7206: checking for mpi.h
configure:7206: result: yes
configure:7707: creating ./config.status

## ---------------------- ##
## Running config.status. ##
## ---------------------- ##

This file was extended by Specfem 2D config.status 7.0.0, which was
generated by GNU Autoconf 2.69.  Invocation command line was

  CONFIG_FILES    = 
  CONFIG_HEADERS  = 
  CONFIG_LINKS    = 
  CONFIG_COMMANDS = 
  $ ./config.status 

on precision

config.status:898: creating Makefile
config.status:898: creating setup/constants.h
config.status:898: creating setup/constants_tomography.h
config.status:898: creating setup/precision.h
config.status:898: creating setup/config.fh
config.status:898: creating ./src/meshfem2D/scotch/src/Makefile.inc
config.status:898: creating setup/config.h
config.status:1082: executing bin commands
config.status:1082: executing obj commands
config.status:1082: executing DATA commands
config.status:1082: executing OUTPUT_FILES commands
configure:8891: result: 
configure:8896: result: 
configure:8898: result: ./configure has completed and set up a default configuration to build.
configure:8900: result: 
configure:8902: result: You may wish to modify the following files before running a simulation:
configure:8904: result:   DATA/Par_file           Set parameters affecting the simulation.
configure:8906: result:   DATA/SOURCE             Set the source parameters before running the solver.
configure:8908: result: 

## ---------------- ##
## Cache variables. ##
## ---------------- ##

ac_cv_build=x86_64-unknown-linux-gnu
ac_cv_c_compiler_gnu=yes
ac_cv_cxx_compiler_gnu=yes
ac_cv_env_CCC_set=
ac_cv_env_CCC_value=
ac_cv_env_CC_set=
ac_cv_env_CC_value=
ac_cv_env_CFLAGS_set=
ac_cv_env_CFLAGS_value=
ac_cv_env_CPPFLAGS_set=
ac_cv_env_CPPFLAGS_value=
ac_cv_env_CPP_set=
ac_cv_env_CPP_value=
ac_cv_env_CUDA_FLAGS_set=
ac_cv_env_CUDA_FLAGS_value=
ac_cv_env_CUDA_INC_set=
ac_cv_env_CUDA_INC_value=
ac_cv_env_CUDA_LIB_set=
ac_cv_env_CUDA_LIB_value=
ac_cv_env_CXXCPP_set=
ac_cv_env_CXXCPP_value=
ac_cv_env_CXXFLAGS_set=
ac_cv_env_CXXFLAGS_value=
ac_cv_env_CXX_set=
ac_cv_env_CXX_value=
ac_cv_env_FCFLAGS_set=
ac_cv_env_FCFLAGS_value=
ac_cv_env_FC_set=set
ac_cv_env_FC_value=gfortran
ac_cv_env_FLAGS_CHECK_set=
ac_cv_env_FLAGS_CHECK_value=
ac_cv_env_LDFLAGS_set=
ac_cv_env_LDFLAGS_value=
ac_cv_env_LIBS_set=
ac_cv_env_LIBS_value=
ac_cv_env_LOCAL_PATH_IS_ALSO_GLOBAL_set=
ac_cv_env_LOCAL_PATH_IS_ALSO_GLOBAL_value=
ac_cv_env_MPICC_set=
ac_cv_env_MPICC_value=
ac_cv_env_MPIFC_set=set
ac_cv_env_MPIFC_value=mpif90
ac_cv_env_MPILIBS_set=
ac_cv_env_MPILIBS_value=
ac_cv_env_MPI_INC_set=
ac_cv_env_MPI_INC_value=
ac_cv_env_NVCC_set=
ac_cv_env_NVCC_value=
ac_cv_env_SCOTCH_DIR_set=
ac_cv_env_SCOTCH_DIR_value=
ac_cv_env_SCOTCH_INCLUDEDIR_set=
ac_cv_env_SCOTCH_INCLUDEDIR_value=
ac_cv_env_SCOTCH_LIBDIR_set=
ac_cv_env_SCOTCH_LIBDIR_value=
ac_cv_env_USE_BUNDLED_SCOTCH_set=
ac_cv_env_USE_BUNDLED_SCOTCH_value=
ac_cv_env_YACC_set=
ac_cv_env_YACC_value=
ac_cv_env_YFLAGS_set=
ac_cv_env_YFLAGS_value=
ac_cv_env_build_alias_set=
ac_cv_env_build_alias_value=
ac_cv_env_host_alias_set=
ac_cv_env_host_alias_value=
ac_cv_env_target_alias_set=
ac_cv_env_target_alias_value=
ac_cv_fc_compiler_gnu=yes
ac_cv_fc_dummy_main=none
ac_cv_fc_freeform=none
ac_cv_fc_libs=' -L/usr/lib/gcc/x86_64-linux-gnu/4.8 -L/usr/lib/gcc/x86_64-linux-gnu/4.8/../../../x86_64-linux-gnu -L/usr/lib/gcc/x86_64-linux-gnu/4.8/../../../../lib -L/lib/x86_64-linux-gnu -L/lib/../lib -L/usr/lib/x86_64-linux-gnu -L/usr/lib/../lib -L/usr/lib/gcc/x86_64-linux-gnu/4.8/../../.. -lgfortran -lm -lquadmath'
ac_cv_fc_mangling='lower case, underscore, no extra underscore'
ac_cv_fc_module_ext=mod
ac_cv_fc_module_flag=-I
ac_cv_fc_module_output_flag=-J
ac_cv_fc_pp_define=-D
ac_cv_fc_pp_srcext_F90=none
ac_cv_fc_pp_srcext_F=none
ac_cv_fc_srcext_f90=none
ac_cv_fortran_dummy_main=none
ac_cv_header_emmintrin_h=yes
ac_cv_header_err_h=yes
ac_cv_header_inttypes_h=yes
ac_cv_header_memory_h=yes
ac_cv_header_mpi_h=yes
ac_cv_header_stdc=yes
ac_cv_header_stdint_h=yes
ac_cv_header_stdlib_h=yes
ac_cv_header_string_h=yes
ac_cv_header_strings_h=yes
ac_cv_header_sys_stat_h=yes
ac_cv_header_sys_types_h=yes
ac_cv_header_unistd_h=yes
ac_cv_header_xmmintrin_h=yes
ac_cv_host=x86_64-unknown-linux-gnu
ac_cv_lib_scotch_scotchfarchinit_=no
ac_cv_objext=o
ac_cv_path_EGREP='/bin/grep -E'
ac_cv_path_GREP=/bin/grep
ac_cv_prog_CPP='gcc -E'
ac_cv_prog_CXXCPP='g++ -E'
ac_cv_prog_ac_ct_CC=gcc
ac_cv_prog_ac_ct_CXX=g++
ac_cv_prog_cc_c89=
ac_cv_prog_cc_g=yes
ac_cv_prog_cxx_g=yes
ac_cv_prog_fc_g=yes
ac_cv_prog_fc_v=-v

## ----------------- ##
## Output variables. ##
## ----------------- ##

CC='gcc'
CFLAGS='-g -O2'
COND_CUDA5_FALSE=''
COND_CUDA5_TRUE='#'
COND_CUDA6_FALSE=''
COND_CUDA6_TRUE='#'
COND_CUDA7_FALSE=''
COND_CUDA7_TRUE='#'
COND_CUDA8_FALSE=''
COND_CUDA8_TRUE='#'
COND_CUDA_FALSE=''
COND_CUDA_PLUS_FALSE=''
COND_CUDA_PLUS_TRUE='#'
COND_CUDA_TRUE='#'
COND_DEBUG_FALSE=''
COND_DEBUG_TRUE='#'
COND_MPI_FALSE='#'
COND_MPI_TRUE=''
COND_SCOTCH_FALSE='#'
COND_SCOTCH_TRUE=''
COND_VECTORIZATION_FALSE=''
COND_VECTORIZATION_TRUE='#'
CPP='gcc -E'
CPPFLAGS=''
CUDA_CPPFLAGS=''
CUDA_FLAGS=''
CUDA_INC=''
CUDA_LDFLAGS=''
CUDA_LIB=''
CUDA_LIBS=''
CUSTOM_MPI_TYPE='MPI_REAL'
CUSTOM_REAL='SIZE_REAL'
CXX='g++'
CXXCPP='g++ -E'
CXXFLAGS='-g -O2'
DEFS='-DHAVE_CONFIG_H'
ECHO_C=''
ECHO_N='-n'
ECHO_T=''
EGREP='/bin/grep -E'
EXEEXT=''
FC='gfortran'
FCENV=''
FCFLAGS='-g -O2'
FCFLAGS_F90=''
FCFLAGS_F=''
FCFLAGS_f90='-J./obj -I./obj -I. '
FCLIBS=' -L/usr/lib/gcc/x86_64-linux-gnu/4.8 -L/usr/lib/gcc/x86_64-linux-gnu/4.8/../../../x86_64-linux-gnu -L/usr/lib/gcc/x86_64-linux-gnu/4.8/../../../../lib -L/lib/x86_64-linux-gnu -L/lib/../lib -L/usr/lib/x86_64-linux-gnu -L/usr/lib/../lib -L/usr/lib/gcc/x86_64-linux-gnu/4.8/../../.. -lgfortran -lm -lquadmath'
FC_DEFINE='-D'
FC_MODDIR='./obj'
FC_MODEXT='mod'
FC_MODINC='-I'
FC_MODOUT='-J'
FLAGS_CHECK='-std=f2008 -fimplicit-none -frange-check -fmax-errors=10 -pedantic -pedantic-errors -Waliasing -Wampersand -Wcharacter-truncation -Wline-truncation -Wsurprising -Wno-tabs -Wunderflow -ffpe-trap=invalid,zero,overflow -Wunused -Werror -O3 -finline-functions'
GREP='/bin/grep'
LDFLAGS=''
LEX=':'
LEXLIB=''
LEX_OUTPUT_ROOT=''
LIBOBJS=''
LIBS=''
LOCAL_PATH_IS_ALSO_GLOBAL='true'
LTLIBOBJS=''
MPICC='mpicc'
MPIFC='mpif90'
MPILIBS=''
MPI_INC='/usr/lib/openmpi/include'
MPI_INCLUDES=' -I/usr/lib/openmpi/include'
NVCC=''
NVCC_PROG=''
OBJEXT='o'
PACKAGE_BUGREPORT='see the wiki'
PACKAGE_NAME='Specfem 2D'
PACKAGE_STRING='Specfem 2D 7.0.0'
PACKAGE_TARNAME='Specfem2D'
PACKAGE_URL=''
PACKAGE_VERSION='7.0.0'
PATH_SEPARATOR=':'
PTHREAD_CC='gcc'
PTHREAD_CFLAGS='-pthread'
PTHREAD_LIBS=''
SCOTCH_DIR='./src/meshfem2D/scotch'
SCOTCH_INCLUDEDIR='./src/meshfem2D/scotch/include'
SCOTCH_LIBDIR='./src/meshfem2D/scotch/lib'
SHELL='/bin/bash'
USE_BUNDLED_SCOTCH='1'
YACC='yacc'
YFLAGS=''
ac_ct_CC='gcc'
ac_ct_CXX='g++'
ac_ct_FC=''
ac_empty=''
acx_pthread_config=''
bindir='${exec_prefix}/bin'
build='x86_64-unknown-linux-gnu'
build_alias=''
build_cpu='x86_64'
build_os='linux-gnu'
build_vendor='unknown'
datadir='${datarootdir}'
datarootdir='${prefix}/share'
docdir='${datarootdir}/doc/${PACKAGE_TARNAME}'
dvidir='${docdir}'
exec_prefix='${prefix}'
host='x86_64-unknown-linux-gnu'
host_alias=''
host_cpu='x86_64'
host_os='linux-gnu'
host_vendor='unknown'
htmldir='${docdir}'
includedir='${prefix}/include'
infodir='${datarootdir}/info'
libdir='${exec_prefix}/lib'
libexecdir='${exec_prefix}/libexec'
localedir='${datarootdir}/locale'
localstatedir='${prefix}/var'
mandir='${datarootdir}/man'
oldincludedir='/usr/include'
pdfdir='${docdir}'
prefix='/usr/local'
program_transform_name='s,x,x,'
psdir='${docdir}'
sbindir='${exec_prefix}/sbin'
sharedstatedir='${prefix}/com'
sysconfdir='${prefix}/etc'
target_alias=''

## ----------- ##
## confdefs.h. ##
## ----------- ##

/* confdefs.h */
#define PACKAGE_NAME "Specfem 2D"
#define PACKAGE_TARNAME "Specfem2D"
#define PACKAGE_VERSION "7.0.0"
#define PACKAGE_STRING "Specfem 2D 7.0.0"
#define PACKAGE_BUGREPORT "see the wiki"
#define PACKAGE_URL ""
#define FC_FUNC(name,NAME) name ## _
#define FC_FUNC_(name,NAME) name ## _
#define STDC_HEADERS 1
#define HAVE_SYS_TYPES_H 1
#define HAVE_SYS_STAT_H 1
#define HAVE_STDLIB_H 1
#define HAVE_STRING_H 1
#define HAVE_MEMORY_H 1
#define HAVE_STRINGS_H 1
#define HAVE_INTTYPES_H 1
#define HAVE_STDINT_H 1
#define HAVE_UNISTD_H 1
#define HAVE_EMMINTRIN 1
#define HAVE_XMMINTRIN 1
#define HAVE_ERR 1
#define HAVE_SCOTCH 1

configure: exit 0
